     1                                  bits 32 ; assembling for the 32 bits architecture
     2                                  
     3                                  ; declare the EntryPoint (a label defining the very first instruction of the program)
     4                                  global start        
     5                                  
     6                                  ; declare external functions needed by our program
     7                                  extern exit               ; tell nasm that exit exists even if we won't be defining it
     8                                  import exit msvcrt.dll    ; exit is a function that ends the calling process. It is defined in msvcrt.dll
     9                                                            ; msvcrt.dll contains exit, printf and all the other important C-runtime specific functions
    10                                  
    11                                  ; our data is declared here (the variables needed by our program)
    12                                  segment data use32 class=data
    13                                      ; ...
    14 00000000 0001                        a dw 100h
    15 00000002 0003                        b dw 300h
    16 00000004 0002                        c dw 200h
    17                                  ; our code starts here
    18                                  segment code use32 class=code
    19                                      start:
    20                                          ; ... 
    21                                         
    22                                         
    23 00000000 66A1[00000000]                  mov ax, [a]
    24 00000006 668B1D[02000000]                mov bx, [b]
    25 0000000D 668B0D[04000000]                mov cx, [c]
    26                                          
    27 00000014 6639D8                          cmp ax, bx
    28 00000017 7C08                            jl altb
    29 00000019 6639CB                          cmp bx, cx
    30 0000001C 7C0B                            jl bltc
    31 0000001E 6689CA                          mov dx, cx
    32                                          altb:
    33 00000021 6639C8                              cmp ax, cx
    34 00000024 7C06                                jl altc
    35 00000026 6689CA                              mov dx, cx
    36                                          bltc:
    37 00000029 6689DA                              mov dx, bx
    38                                          altc:
    39 0000002C 6689C2                              mov dx, ax
    40                                          
    41                                          
    42                                          
    43                                          
    44                                          
    45                                          
    46                                          
    47                                          
    48                                         
    49                                         
    50                                       
    51                                          ; exit(0)
    52 0000002F 6A00                            push    dword 0      ; push the parameter for exit onto the stack
    53 00000031 FF15[00000000]                  call    [exit]       ; call exit to terminate the program
